# JRE version: OpenJDK Runtime Environment (9.0) (build 9-internal+0-2016-04-14-195246.buildd.src)
# Java VM: OpenJDK 64-Bit Server VM (9-internal+0-2016-04-14-195246.buildd.src, mixed mode, tiered, compressed oops, g1 gc, linux-amd64)
Heap:
 garbage-first heap   total 233472K, used 84864K [0x0000000085000000, 0x0000000085100720, 0x0000000100000000)
  region size 1024K, 73 young (74752K), 12 survivors (12288K)
 Metaspace       used 5407K, capacity 5546K, committed 5760K, reserved 1056768K
  class space    used 527K, capacity 567K, committed 640K, reserved 1048576K
GC Heap History (10 events):
Event: 1.490 GC heap before
{Heap before GC invocations=2 (full 0):
 garbage-first heap   total 126976K, used 75419K [0x0000000085000000, 0x00000000851003e0, 0x0000000100000000)
  region size 1024K, 74 young (75776K), 5 survivors (5120K)
 Metaspace       used 5342K, capacity 5480K, committed 5760K, reserved 1056768K
  class space    used 526K, capacity 565K, committed 640K, reserved 1048576K
}
Event: 1.525 GC heap after
{Heap after GC invocations=3 (full 0):
 garbage-first heap   total 126976K, used 8136K [0x0000000085000000, 0x00000000851003e0, 0x0000000100000000)
  region size 1024K, 8 young (8192K), 8 survivors (8192K)
 Metaspace       used 5342K, capacity 5480K, committed 5760K, reserved 1056768K
  class space    used 526K, capacity 565K, committed 640K, reserved 1048576K
}
Event: 1.853 GC heap before
{Heap before GC invocations=3 (full 0):
 garbage-first heap   total 126976K, used 75720K [0x0000000085000000, 0x00000000851003e0, 0x0000000100000000)
  region size 1024K, 74 young (75776K), 8 survivors (8192K)
 Metaspace       used 5354K, capacity 5480K, committed 5760K, reserved 1056768K
  class space    used 526K, capacity 565K, committed 640K, reserved 1048576K
}
Event: 1.887 GC heap after
{Heap after GC invocations=4 (full 0):
 garbage-first heap   total 126976K, used 11440K [0x0000000085000000, 0x00000000851003e0, 0x0000000100000000)
  region size 1024K, 7 young (7168K), 7 survivors (7168K)
 Metaspace       used 5354K, capacity 5480K, committed 5760K, reserved 1056768K
  class space    used 526K, capacity 565K, committed 640K, reserved 1048576K
}
Event: 2.087 GC heap before
{Heap before GC invocations=4 (full 0):
 garbage-first heap   total 126976K, used 80048K [0x0000000085000000, 0x00000000851003e0, 0x0000000100000000)
  region size 1024K, 74 young (75776K), 7 survivors (7168K)
 Metaspace       used 5354K, capacity 5480K, committed 5760K, reserved 1056768K
  class space    used 526K, capacity 565K, committed 640K, reserved 1048576K
}
Event: 2.117 GC heap after
{Heap after GC invocations=5 (full 0):
 garbage-first heap   total 233472K, used 14464K [0x0000000085000000, 0x0000000085100720, 0x0000000100000000)
  region size 1024K, 7 young (7168K), 7 survivors (7168K)
 Metaspace       used 5354K, capacity 5480K, committed 5760K, reserved 1056768K
  class space    used 526K, capacity 565K, committed 640K, reserved 1048576K
}
Event: 2.219 GC heap before
{Heap before GC invocations=5 (full 0):
 garbage-first heap   total 233472K, used 100480K [0x0000000085000000, 0x0000000085100720, 0x0000000100000000)
  region size 1024K, 91 young (93184K), 7 survivors (7168K)
 Metaspace       used 5355K, capacity 5480K, committed 5760K, reserved 1056768K
  class space    used 526K, capacity 565K, committed 640K, reserved 1048576K
}
Event: 2.236 GC heap after
{Heap after GC invocations=6 (full 0):
 garbage-first heap   total 233472K, used 18688K [0x0000000085000000, 0x0000000085100720, 0x0000000100000000)
  region size 1024K, 8 young (8192K), 8 survivors (8192K)
 Metaspace       used 5355K, capacity 5480K, committed 5760K, reserved 1056768K
  class space    used 526K, capacity 565K, committed 640K, reserved 1048576K
}
Event: 2.339 GC heap before
{Heap before GC invocations=6 (full 0):
 garbage-first heap   total 233472K, used 122112K [0x0000000085000000, 0x0000000085100720, 0x0000000100000000)
  region size 1024K, 109 young (111616K), 8 survivors (8192K)
 Metaspace       used 5355K, capacity 5480K, committed 5760K, reserved 1056768K
  class space    used 526K, capacity 565K, committed 640K, reserved 1048576K
}
Event: 2.371 GC heap after
{Heap after GC invocations=7 (full 0):
 garbage-first heap   total 233472K, used 23424K [0x0000000085000000, 0x0000000085100720, 0x0000000100000000)
  region size 1024K, 12 young (12288K), 12 survivors (12288K)
 Metaspace       used 5355K, capacity 5480K, committed 5760K, reserved 1056768K
  class space    used 526K, capacity 565K, committed 640K, reserved 1048576K
}

