# JRE version: OpenJDK Runtime Environment (9.0) (build 9-internal+0-2016-04-14-195246.buildd.src)
# Java VM: OpenJDK 64-Bit Server VM (9-internal+0-2016-04-14-195246.buildd.src, mixed mode, tiered, compressed oops, g1 gc, linux-amd64)
Heap:
 garbage-first heap   total 647168K, used 235008K [0x0000000085000000, 0x00000000851013c0, 0x0000000100000000)
  region size 1024K, 108 young (110592K), 15 survivors (15360K)
 Metaspace       used 4968K, capacity 5138K, committed 5248K, reserved 1056768K
  class space    used 477K, capacity 548K, committed 640K, reserved 1048576K
GC Heap History (10 events):
Event: 1.053 GC heap before
{Heap before GC invocations=7 (full 0):
 garbage-first heap   total 316416K, used 82605K [0x0000000085000000, 0x00000000851009a8, 0x0000000100000000)
  region size 1024K, 47 young (48128K), 4 survivors (4096K)
 Metaspace       used 4724K, capacity 4896K, committed 5120K, reserved 1056768K
  class space    used 455K, capacity 505K, committed 512K, reserved 1048576K
}
Event: 1.081 GC heap after
{Heap after GC invocations=8 (full 0):
 garbage-first heap   total 316416K, used 50688K [0x0000000085000000, 0x00000000851009a8, 0x0000000100000000)
  region size 1024K, 6 young (6144K), 6 survivors (6144K)
 Metaspace       used 4724K, capacity 4896K, committed 5120K, reserved 1056768K
  class space    used 455K, capacity 505K, committed 512K, reserved 1048576K
}
Event: 1.140 GC heap before
{Heap before GC invocations=8 (full 0):
 garbage-first heap   total 316416K, used 110080K [0x0000000085000000, 0x00000000851009a8, 0x0000000100000000)
  region size 1024K, 64 young (65536K), 6 survivors (6144K)
 Metaspace       used 4726K, capacity 4896K, committed 5120K, reserved 1056768K
  class space    used 455K, capacity 505K, committed 512K, reserved 1048576K
}
Event: 1.177 GC heap after
{Heap after GC invocations=9 (full 0):
 garbage-first heap   total 647168K, used 66944K [0x0000000085000000, 0x00000000851013c0, 0x0000000100000000)
  region size 1024K, 8 young (8192K), 8 survivors (8192K)
 Metaspace       used 4726K, capacity 4896K, committed 5120K, reserved 1056768K
  class space    used 455K, capacity 505K, committed 512K, reserved 1048576K
}
Event: 1.234 GC heap before
{Heap before GC invocations=9 (full 0):
 garbage-first heap   total 647168K, used 140672K [0x0000000085000000, 0x00000000851013c0, 0x0000000100000000)
  region size 1024K, 80 young (81920K), 8 survivors (8192K)
 Metaspace       used 4737K, capacity 4896K, committed 5120K, reserved 1056768K
  class space    used 455K, capacity 505K, committed 512K, reserved 1048576K
}
Event: 1.280 GC heap after
{Heap after GC invocations=10 (full 0):
 garbage-first heap   total 647168K, used 87168K [0x0000000085000000, 0x00000000851013c0, 0x0000000100000000)
  region size 1024K, 10 young (10240K), 10 survivors (10240K)
 Metaspace       used 4737K, capacity 4896K, committed 5120K, reserved 1056768K
  class space    used 455K, capacity 505K, committed 512K, reserved 1048576K
}
Event: 1.337 GC heap before
{Heap before GC invocations=10 (full 0):
 garbage-first heap   total 647168K, used 177280K [0x0000000085000000, 0x00000000851013c0, 0x0000000100000000)
  region size 1024K, 98 young (100352K), 10 survivors (10240K)
 Metaspace       used 4739K, capacity 4896K, committed 5120K, reserved 1056768K
  class space    used 455K, capacity 505K, committed 512K, reserved 1048576K
}
Event: 1.402 GC heap after
{Heap after GC invocations=11 (full 0):
 garbage-first heap   total 647168K, used 112384K [0x0000000085000000, 0x00000000851013c0, 0x0000000100000000)
  region size 1024K, 13 young (13312K), 13 survivors (13312K)
 Metaspace       used 4739K, capacity 4896K, committed 5120K, reserved 1056768K
  class space    used 455K, capacity 505K, committed 512K, reserved 1048576K
}
Event: 1.532 GC heap before
{Heap before GC invocations=11 (full 0):
 garbage-first heap   total 647168K, used 218880K [0x0000000085000000, 0x00000000851013c0, 0x0000000100000000)
  region size 1024K, 117 young (119808K), 13 survivors (13312K)
 Metaspace       used 4752K, capacity 4896K, committed 5120K, reserved 1056768K
  class space    used 455K, capacity 505K, committed 512K, reserved 1048576K
}
Event: 1.634 GC heap after
{Heap after GC invocations=12 (full 0):
 garbage-first heap   total 647168K, used 140800K [0x0000000085000000, 0x00000000851013c0, 0x0000000100000000)
  region size 1024K, 15 young (15360K), 15 survivors (15360K)
 Metaspace       used 4752K, capacity 4896K, committed 5120K, reserved 1056768K
  class space    used 455K, capacity 505K, committed 512K, reserved 1048576K
}

